Copyright 1986-2017 Xilinx, Inc. All Rights Reserved.
--------------------------------------------------------------------------------------------------------------------------------------------------
| Tool Version : Vivado v.2017.3 (win64) Build 2018833 Wed Oct  4 19:58:22 MDT 2017
| Date         : Wed Jul 29 15:05:48 2020
| Host         : LAPTOP-9ACER34H running 64-bit major release  (build 9200)
| Command      : report_methodology -file main_methodology_drc_routed.rpt -pb main_methodology_drc_routed.pb -rpx main_methodology_drc_routed.rpx
| Design       : main
| Device       : xc7a35tcpg236-1
| Speed File   : -1
| Design State : Routed
--------------------------------------------------------------------------------------------------------------------------------------------------

Report Methodology

Table of Contents
-----------------
1. REPORT SUMMARY
2. REPORT DETAILS

1. REPORT SUMMARY
-----------------
            Netlist: netlist
          Floorplan: design_1
      Design limits: <entire design considered>
             Max violations: <unlimited>
             Violations found: 54
+-----------+----------+-----------------------------+------------+
| Rule      | Severity | Description                 | Violations |
+-----------+----------+-----------------------------+------------+
| TIMING-17 | Warning  | Non-clocked sequential cell | 27         |
| TIMING-20 | Warning  | Non-clocked latch           | 27         |
+-----------+----------+-----------------------------+------------+

2. REPORT DETAILS
-----------------
TIMING-17#1 Warning
Non-clocked sequential cell  
The clock pin my_hero_ctl/FSM_sequential_state_reg[0]/C is not reached by a timing clock
Related violations: <none>

TIMING-17#2 Warning
Non-clocked sequential cell  
The clock pin my_hero_ctl/FSM_sequential_state_reg[1]/C is not reached by a timing clock
Related violations: <none>

TIMING-17#3 Warning
Non-clocked sequential cell  
The clock pin my_hero_ctl/FSM_sequential_state_reg[2]/C is not reached by a timing clock
Related violations: <none>

TIMING-17#4 Warning
Non-clocked sequential cell  
The clock pin my_hero_ctl/x_pos_reg[0]/C is not reached by a timing clock
Related violations: <none>

TIMING-17#5 Warning
Non-clocked sequential cell  
The clock pin my_hero_ctl/x_pos_reg[10]/C is not reached by a timing clock
Related violations: <none>

TIMING-17#6 Warning
Non-clocked sequential cell  
The clock pin my_hero_ctl/x_pos_reg[11]/C is not reached by a timing clock
Related violations: <none>

TIMING-17#7 Warning
Non-clocked sequential cell  
The clock pin my_hero_ctl/x_pos_reg[1]/C is not reached by a timing clock
Related violations: <none>

TIMING-17#8 Warning
Non-clocked sequential cell  
The clock pin my_hero_ctl/x_pos_reg[2]/C is not reached by a timing clock
Related violations: <none>

TIMING-17#9 Warning
Non-clocked sequential cell  
The clock pin my_hero_ctl/x_pos_reg[3]/C is not reached by a timing clock
Related violations: <none>

TIMING-17#10 Warning
Non-clocked sequential cell  
The clock pin my_hero_ctl/x_pos_reg[4]/C is not reached by a timing clock
Related violations: <none>

TIMING-17#11 Warning
Non-clocked sequential cell  
The clock pin my_hero_ctl/x_pos_reg[5]/C is not reached by a timing clock
Related violations: <none>

TIMING-17#12 Warning
Non-clocked sequential cell  
The clock pin my_hero_ctl/x_pos_reg[6]/C is not reached by a timing clock
Related violations: <none>

TIMING-17#13 Warning
Non-clocked sequential cell  
The clock pin my_hero_ctl/x_pos_reg[7]/C is not reached by a timing clock
Related violations: <none>

TIMING-17#14 Warning
Non-clocked sequential cell  
The clock pin my_hero_ctl/x_pos_reg[8]/C is not reached by a timing clock
Related violations: <none>

TIMING-17#15 Warning
Non-clocked sequential cell  
The clock pin my_hero_ctl/x_pos_reg[9]/C is not reached by a timing clock
Related violations: <none>

TIMING-17#16 Warning
Non-clocked sequential cell  
The clock pin my_hero_ctl/y_pos_reg[0]/C is not reached by a timing clock
Related violations: <none>

TIMING-17#17 Warning
Non-clocked sequential cell  
The clock pin my_hero_ctl/y_pos_reg[10]/C is not reached by a timing clock
Related violations: <none>

TIMING-17#18 Warning
Non-clocked sequential cell  
The clock pin my_hero_ctl/y_pos_reg[11]/C is not reached by a timing clock
Related violations: <none>

TIMING-17#19 Warning
Non-clocked sequential cell  
The clock pin my_hero_ctl/y_pos_reg[1]/C is not reached by a timing clock
Related violations: <none>

TIMING-17#20 Warning
Non-clocked sequential cell  
The clock pin my_hero_ctl/y_pos_reg[2]/C is not reached by a timing clock
Related violations: <none>

TIMING-17#21 Warning
Non-clocked sequential cell  
The clock pin my_hero_ctl/y_pos_reg[3]/C is not reached by a timing clock
Related violations: <none>

TIMING-17#22 Warning
Non-clocked sequential cell  
The clock pin my_hero_ctl/y_pos_reg[4]/C is not reached by a timing clock
Related violations: <none>

TIMING-17#23 Warning
Non-clocked sequential cell  
The clock pin my_hero_ctl/y_pos_reg[5]/C is not reached by a timing clock
Related violations: <none>

TIMING-17#24 Warning
Non-clocked sequential cell  
The clock pin my_hero_ctl/y_pos_reg[6]/C is not reached by a timing clock
Related violations: <none>

TIMING-17#25 Warning
Non-clocked sequential cell  
The clock pin my_hero_ctl/y_pos_reg[7]/C is not reached by a timing clock
Related violations: <none>

TIMING-17#26 Warning
Non-clocked sequential cell  
The clock pin my_hero_ctl/y_pos_reg[8]/C is not reached by a timing clock
Related violations: <none>

TIMING-17#27 Warning
Non-clocked sequential cell  
The clock pin my_hero_ctl/y_pos_reg[9]/C is not reached by a timing clock
Related violations: <none>

TIMING-20#1 Warning
Non-clocked latch  
The latch my_hero_ctl/FSM_sequential_state_nxt_reg[0] cannot be properly analyzed as its control pin my_hero_ctl/FSM_sequential_state_nxt_reg[0]/G is not reached by a timing clock
Related violations: <none>

TIMING-20#2 Warning
Non-clocked latch  
The latch my_hero_ctl/FSM_sequential_state_nxt_reg[1] cannot be properly analyzed as its control pin my_hero_ctl/FSM_sequential_state_nxt_reg[1]/G is not reached by a timing clock
Related violations: <none>

TIMING-20#3 Warning
Non-clocked latch  
The latch my_hero_ctl/FSM_sequential_state_nxt_reg[2] cannot be properly analyzed as its control pin my_hero_ctl/FSM_sequential_state_nxt_reg[2]/G is not reached by a timing clock
Related violations: <none>

TIMING-20#4 Warning
Non-clocked latch  
The latch my_hero_ctl/x_pos_nxt_reg[0] cannot be properly analyzed as its control pin my_hero_ctl/x_pos_nxt_reg[0]/G is not reached by a timing clock
Related violations: <none>

TIMING-20#5 Warning
Non-clocked latch  
The latch my_hero_ctl/x_pos_nxt_reg[10] cannot be properly analyzed as its control pin my_hero_ctl/x_pos_nxt_reg[10]/G is not reached by a timing clock
Related violations: <none>

TIMING-20#6 Warning
Non-clocked latch  
The latch my_hero_ctl/x_pos_nxt_reg[11] cannot be properly analyzed as its control pin my_hero_ctl/x_pos_nxt_reg[11]/G is not reached by a timing clock
Related violations: <none>

TIMING-20#7 Warning
Non-clocked latch  
The latch my_hero_ctl/x_pos_nxt_reg[1] cannot be properly analyzed as its control pin my_hero_ctl/x_pos_nxt_reg[1]/G is not reached by a timing clock
Related violations: <none>

TIMING-20#8 Warning
Non-clocked latch  
The latch my_hero_ctl/x_pos_nxt_reg[2] cannot be properly analyzed as its control pin my_hero_ctl/x_pos_nxt_reg[2]/G is not reached by a timing clock
Related violations: <none>

TIMING-20#9 Warning
Non-clocked latch  
The latch my_hero_ctl/x_pos_nxt_reg[3] cannot be properly analyzed as its control pin my_hero_ctl/x_pos_nxt_reg[3]/G is not reached by a timing clock
Related violations: <none>

TIMING-20#10 Warning
Non-clocked latch  
The latch my_hero_ctl/x_pos_nxt_reg[4] cannot be properly analyzed as its control pin my_hero_ctl/x_pos_nxt_reg[4]/G is not reached by a timing clock
Related violations: <none>

TIMING-20#11 Warning
Non-clocked latch  
The latch my_hero_ctl/x_pos_nxt_reg[5] cannot be properly analyzed as its control pin my_hero_ctl/x_pos_nxt_reg[5]/G is not reached by a timing clock
Related violations: <none>

TIMING-20#12 Warning
Non-clocked latch  
The latch my_hero_ctl/x_pos_nxt_reg[6] cannot be properly analyzed as its control pin my_hero_ctl/x_pos_nxt_reg[6]/G is not reached by a timing clock
Related violations: <none>

TIMING-20#13 Warning
Non-clocked latch  
The latch my_hero_ctl/x_pos_nxt_reg[7] cannot be properly analyzed as its control pin my_hero_ctl/x_pos_nxt_reg[7]/G is not reached by a timing clock
Related violations: <none>

TIMING-20#14 Warning
Non-clocked latch  
The latch my_hero_ctl/x_pos_nxt_reg[8] cannot be properly analyzed as its control pin my_hero_ctl/x_pos_nxt_reg[8]/G is not reached by a timing clock
Related violations: <none>

TIMING-20#15 Warning
Non-clocked latch  
The latch my_hero_ctl/x_pos_nxt_reg[9] cannot be properly analyzed as its control pin my_hero_ctl/x_pos_nxt_reg[9]/G is not reached by a timing clock
Related violations: <none>

TIMING-20#16 Warning
Non-clocked latch  
The latch my_hero_ctl/y_pos_nxt_reg[0] cannot be properly analyzed as its control pin my_hero_ctl/y_pos_nxt_reg[0]/G is not reached by a timing clock
Related violations: <none>

TIMING-20#17 Warning
Non-clocked latch  
The latch my_hero_ctl/y_pos_nxt_reg[10] cannot be properly analyzed as its control pin my_hero_ctl/y_pos_nxt_reg[10]/G is not reached by a timing clock
Related violations: <none>

TIMING-20#18 Warning
Non-clocked latch  
The latch my_hero_ctl/y_pos_nxt_reg[11] cannot be properly analyzed as its control pin my_hero_ctl/y_pos_nxt_reg[11]/G is not reached by a timing clock
Related violations: <none>

TIMING-20#19 Warning
Non-clocked latch  
The latch my_hero_ctl/y_pos_nxt_reg[1] cannot be properly analyzed as its control pin my_hero_ctl/y_pos_nxt_reg[1]/G is not reached by a timing clock
Related violations: <none>

TIMING-20#20 Warning
Non-clocked latch  
The latch my_hero_ctl/y_pos_nxt_reg[2] cannot be properly analyzed as its control pin my_hero_ctl/y_pos_nxt_reg[2]/G is not reached by a timing clock
Related violations: <none>

TIMING-20#21 Warning
Non-clocked latch  
The latch my_hero_ctl/y_pos_nxt_reg[3] cannot be properly analyzed as its control pin my_hero_ctl/y_pos_nxt_reg[3]/G is not reached by a timing clock
Related violations: <none>

TIMING-20#22 Warning
Non-clocked latch  
The latch my_hero_ctl/y_pos_nxt_reg[4] cannot be properly analyzed as its control pin my_hero_ctl/y_pos_nxt_reg[4]/G is not reached by a timing clock
Related violations: <none>

TIMING-20#23 Warning
Non-clocked latch  
The latch my_hero_ctl/y_pos_nxt_reg[5] cannot be properly analyzed as its control pin my_hero_ctl/y_pos_nxt_reg[5]/G is not reached by a timing clock
Related violations: <none>

TIMING-20#24 Warning
Non-clocked latch  
The latch my_hero_ctl/y_pos_nxt_reg[6] cannot be properly analyzed as its control pin my_hero_ctl/y_pos_nxt_reg[6]/G is not reached by a timing clock
Related violations: <none>

TIMING-20#25 Warning
Non-clocked latch  
The latch my_hero_ctl/y_pos_nxt_reg[7] cannot be properly analyzed as its control pin my_hero_ctl/y_pos_nxt_reg[7]/G is not reached by a timing clock
Related violations: <none>

TIMING-20#26 Warning
Non-clocked latch  
The latch my_hero_ctl/y_pos_nxt_reg[8] cannot be properly analyzed as its control pin my_hero_ctl/y_pos_nxt_reg[8]/G is not reached by a timing clock
Related violations: <none>

TIMING-20#27 Warning
Non-clocked latch  
The latch my_hero_ctl/y_pos_nxt_reg[9] cannot be properly analyzed as its control pin my_hero_ctl/y_pos_nxt_reg[9]/G is not reached by a timing clock
Related violations: <none>


