#-----------------------------------------------------------
# Vivado v2017.3 (64-bit)
# SW Build 2018833 on Wed Oct  4 19:58:22 MDT 2017
# IP Build 2016188 on Wed Oct  4 21:52:56 MDT 2017
# Start of session at: Sun Apr  5 12:30:08 2020
# Process ID: 18172
# Current directory: D:/STUDIA/IV_semestr/Uklady_elektroniki_cyfrowej_II/Projekt_binary_land/binary_land
# Command line: vivado.exe -gui_launcher_event rodinguilauncherevent19432 D:\STUDIA\IV_semestr\Uklady_elektroniki_cyfrowej_II\Projekt_binary_land\binary_land\binary_land.xpr
# Log file: D:/STUDIA/IV_semestr/Uklady_elektroniki_cyfrowej_II/Projekt_binary_land/binary_land/vivado.log
# Journal file: D:/STUDIA/IV_semestr/Uklady_elektroniki_cyfrowej_II/Projekt_binary_land/binary_land\vivado.jou
#-----------------------------------------------------------
start_gui
open_project D:/STUDIA/IV_semestr/Uklady_elektroniki_cyfrowej_II/Projekt_binary_land/binary_land/binary_land.xpr
INFO: [ProjectBase 1-489] The host OS only allows 260 characters in a normal path. The project is stored in a path with more than 80 characters. If you experience issues with IP, Block Designs, or files not being found, please consider moving the project to a location with a shorter path. Alternately consider using the OS subst command to map part of the path to a drive letter.
Current project path is 'D:/STUDIA/IV_semestr/Uklady_elektroniki_cyfrowej_II/Projekt_binary_land/binary_land'
Scanning sources...
Finished scanning sources
INFO: [IP_Flow 19-234] Refreshing IP repositories
INFO: [IP_Flow 19-1704] No user IP repositories specified
INFO: [IP_Flow 19-2313] Loaded Vivado IP repository 'D:/programy/Xilinx_Vivado/Vivado/2017.3/data/ip'.
update_compile_order -fileset sources_1
reset_run synth_1
launch_runs impl_1 -to_step write_bitstream -jobs 4
[Sun Apr  5 12:42:16 2020] Launched synth_1...
Run output will be captured here: D:/STUDIA/IV_semestr/Uklady_elektroniki_cyfrowej_II/Projekt_binary_land/binary_land/binary_land.runs/synth_1/runme.log
[Sun Apr  5 12:42:16 2020] Launched impl_1...
Run output will be captured here: D:/STUDIA/IV_semestr/Uklady_elektroniki_cyfrowej_II/Projekt_binary_land/binary_land/binary_land.runs/impl_1/runme.log
open_run impl_1
INFO: [Netlist 29-17] Analyzing 5 Unisim elements for replacement
INFO: [Netlist 29-28] Unisim Transformation completed in 0 CPU seconds
INFO: [Project 1-479] Netlist was created with Vivado 2017.3
INFO: [Device 21-403] Loading part xc7a35tcpg236-1
INFO: [Project 1-570] Preparing netlist for logic optimization
Parsing XDC File [D:/STUDIA/IV_semestr/Uklady_elektroniki_cyfrowej_II/Projekt_binary_land/binary_land/.Xil/Vivado-18172-LAPTOP-29F6BB3T/dcp1/main_board.xdc]
Finished Parsing XDC File [D:/STUDIA/IV_semestr/Uklady_elektroniki_cyfrowej_II/Projekt_binary_land/binary_land/.Xil/Vivado-18172-LAPTOP-29F6BB3T/dcp1/main_board.xdc]
Parsing XDC File [D:/STUDIA/IV_semestr/Uklady_elektroniki_cyfrowej_II/Projekt_binary_land/binary_land/.Xil/Vivado-18172-LAPTOP-29F6BB3T/dcp1/main_early.xdc]
INFO: [Timing 38-35] Done setting XDC timing constraints. [D:/STUDIA/IV_semestr/Uklady_elektroniki_cyfrowej_II/Projekt_binary_land/binary_land/binary_land.srcs/sources_1/ip/clk_wiz_0/clk_wiz_0.xdc:57]
INFO: [Timing 38-2] Deriving generated clocks [D:/STUDIA/IV_semestr/Uklady_elektroniki_cyfrowej_II/Projekt_binary_land/binary_land/binary_land.srcs/sources_1/ip/clk_wiz_0/clk_wiz_0.xdc:57]
get_clocks: Time (s): cpu = 00:00:11 ; elapsed = 00:00:10 . Memory (MB): peak = 1550.223 ; gain = 496.402
Finished Parsing XDC File [D:/STUDIA/IV_semestr/Uklady_elektroniki_cyfrowej_II/Projekt_binary_land/binary_land/.Xil/Vivado-18172-LAPTOP-29F6BB3T/dcp1/main_early.xdc]
Parsing XDC File [D:/STUDIA/IV_semestr/Uklady_elektroniki_cyfrowej_II/Projekt_binary_land/binary_land/.Xil/Vivado-18172-LAPTOP-29F6BB3T/dcp1/main.xdc]
Finished Parsing XDC File [D:/STUDIA/IV_semestr/Uklady_elektroniki_cyfrowej_II/Projekt_binary_land/binary_land/.Xil/Vivado-18172-LAPTOP-29F6BB3T/dcp1/main.xdc]
Parsing XDC File [D:/STUDIA/IV_semestr/Uklady_elektroniki_cyfrowej_II/Projekt_binary_land/binary_land/.Xil/Vivado-18172-LAPTOP-29F6BB3T/dcp1/main_late.xdc]
Finished Parsing XDC File [D:/STUDIA/IV_semestr/Uklady_elektroniki_cyfrowej_II/Projekt_binary_land/binary_land/.Xil/Vivado-18172-LAPTOP-29F6BB3T/dcp1/main_late.xdc]
Reading XDEF placement.
Reading placer database...
Reading XDEF routing.
Read XDEF File: Time (s): cpu = 00:00:00 ; elapsed = 00:00:00.041 . Memory (MB): peak = 1550.223 ; gain = 0.000
Restored from archive | CPU: 0.000000 secs | Memory: 0.000000 MB |
Finished XDEF File Restore: Time (s): cpu = 00:00:00 ; elapsed = 00:00:00.041 . Memory (MB): peak = 1550.223 ; gain = 0.000
INFO: [Project 1-111] Unisim Transformation Summary:
  A total of 1 instances were transformed.
  LDCP => LDCP (GND, LUT3, LUT3, LDCE, VCC): 1 instances

open_run: Time (s): cpu = 00:00:28 ; elapsed = 00:00:19 . Memory (MB): peak = 1663.305 ; gain = 779.305
open_hw
INFO: [Labtools 27-2285] Connecting to hw_server url TCP:localhost:3121
INFO: [Labtools 27-2222] Launching hw_server...
INFO: [Labtools 27-2221] Launch Output:

****** Xilinx hw_server v2017.3
  **** Build date : Oct  4 2017-20:12:17
    ** Copyright 1986-2017 Xilinx, Inc. All Rights Reserved.


connect_hw_server -url localhost:3121
INFO: [Labtools 27-2285] Connecting to hw_server url TCP:localhost:3121
current_hw_target [get_hw_targets */xilinx_tcf/Digilent/210183711510A]
set_property PARAM.FREQUENCY 15000000 [get_hw_targets */xilinx_tcf/Digilent/210183711510A]
open_hw_target
INFO: [Labtoolstcl 44-466] Opening hw_target localhost:3121/xilinx_tcf/Digilent/210183711510A
set_property PROGRAM.FILE {D:/STUDIA/IV_semestr/Uklady_elektroniki_cyfrowej_II/Projekt_binary_land/binary_land/binary_land.runs/impl_1/main.bit} [get_hw_devices xc7a35t_0]
current_hw_device [get_hw_devices xc7a35t_0]
refresh_hw_device -update_hw_probes false [lindex [get_hw_devices xc7a35t_0] 0]
INFO: [Labtools 27-1435] Device xc7a35t (JTAG device index = 0) is not programmed (DONE status = 0).
set_property PROBES.FILE {} [get_hw_devices xc7a35t_0]
set_property FULL_PROBES.FILE {} [get_hw_devices xc7a35t_0]
set_property PROGRAM.FILE {D:/STUDIA/IV_semestr/Uklady_elektroniki_cyfrowej_II/Projekt_binary_land/binary_land/binary_land.runs/impl_1/main.bit} [get_hw_devices xc7a35t_0]
program_hw_devices [get_hw_devices xc7a35t_0]
INFO: [Labtools 27-3164] End of startup status: HIGH
refresh_hw_device [lindex [get_hw_devices xc7a35t_0] 0]
INFO: [Labtools 27-1434] Device xc7a35t (JTAG device index = 0) is programmed with a design that has no supported debug core(s) in it.
WARNING: [Labtools 27-3361] The debug hub core was not detected.
Resolution: 
1. Make sure the clock connected to the debug hub (dbg_hub) core is a free running clock and is active.
2. Make sure the BSCAN_SWITCH_USER_MASK device property in Vivado Hardware Manager reflects the user scan chain setting in the design and refresh the device.  To determine the user scan chain setting in the design, open the implemented design and use 'get_property C_USER_SCAN_CHAIN [get_debug_cores dbg_hub]'.
For more details on setting the scan chain property, consult the Vivado Debug and Programming User Guide (UG908).
reset_run synth_1
launch_runs impl_1 -to_step write_bitstream -jobs 4
[Sun Apr  5 12:46:42 2020] Launched synth_1...
Run output will be captured here: D:/STUDIA/IV_semestr/Uklady_elektroniki_cyfrowej_II/Projekt_binary_land/binary_land/binary_land.runs/synth_1/runme.log
[Sun Apr  5 12:46:42 2020] Launched impl_1...
Run output will be captured here: D:/STUDIA/IV_semestr/Uklady_elektroniki_cyfrowej_II/Projekt_binary_land/binary_land/binary_land.runs/impl_1/runme.log
set_property PROBES.FILE {} [get_hw_devices xc7a35t_0]
set_property FULL_PROBES.FILE {} [get_hw_devices xc7a35t_0]
set_property PROGRAM.FILE {D:/STUDIA/IV_semestr/Uklady_elektroniki_cyfrowej_II/Projekt_binary_land/binary_land/binary_land.runs/impl_1/main.bit} [get_hw_devices xc7a35t_0]
program_hw_devices [get_hw_devices xc7a35t_0]
INFO: [Labtools 27-3164] End of startup status: HIGH
refresh_hw_device [lindex [get_hw_devices xc7a35t_0] 0]
INFO: [Labtools 27-1434] Device xc7a35t (JTAG device index = 0) is programmed with a design that has no supported debug core(s) in it.
WARNING: [Labtools 27-3361] The debug hub core was not detected.
Resolution: 
1. Make sure the clock connected to the debug hub (dbg_hub) core is a free running clock and is active.
2. Make sure the BSCAN_SWITCH_USER_MASK device property in Vivado Hardware Manager reflects the user scan chain setting in the design and refresh the device.  To determine the user scan chain setting in the design, open the implemented design and use 'get_property C_USER_SCAN_CHAIN [get_debug_cores dbg_hub]'.
For more details on setting the scan chain property, consult the Vivado Debug and Programming User Guide (UG908).
reset_run synth_1
launch_runs impl_1 -to_step write_bitstream -jobs 4
[Sun Apr  5 12:50:10 2020] Launched synth_1...
Run output will be captured here: D:/STUDIA/IV_semestr/Uklady_elektroniki_cyfrowej_II/Projekt_binary_land/binary_land/binary_land.runs/synth_1/runme.log
[Sun Apr  5 12:50:10 2020] Launched impl_1...
Run output will be captured here: D:/STUDIA/IV_semestr/Uklady_elektroniki_cyfrowej_II/Projekt_binary_land/binary_land/binary_land.runs/impl_1/runme.log
set_property PROBES.FILE {} [get_hw_devices xc7a35t_0]
set_property FULL_PROBES.FILE {} [get_hw_devices xc7a35t_0]
set_property PROGRAM.FILE {D:/STUDIA/IV_semestr/Uklady_elektroniki_cyfrowej_II/Projekt_binary_land/binary_land/binary_land.runs/impl_1/main.bit} [get_hw_devices xc7a35t_0]
program_hw_devices [get_hw_devices xc7a35t_0]
INFO: [Labtools 27-3164] End of startup status: HIGH
refresh_hw_device [lindex [get_hw_devices xc7a35t_0] 0]
INFO: [Labtools 27-1434] Device xc7a35t (JTAG device index = 0) is programmed with a design that has no supported debug core(s) in it.
WARNING: [Labtools 27-3361] The debug hub core was not detected.
Resolution: 
1. Make sure the clock connected to the debug hub (dbg_hub) core is a free running clock and is active.
2. Make sure the BSCAN_SWITCH_USER_MASK device property in Vivado Hardware Manager reflects the user scan chain setting in the design and refresh the device.  To determine the user scan chain setting in the design, open the implemented design and use 'get_property C_USER_SCAN_CHAIN [get_debug_cores dbg_hub]'.
For more details on setting the scan chain property, consult the Vivado Debug and Programming User Guide (UG908).
update_compile_order -fileset sources_1
reset_run synth_1
launch_runs impl_1 -to_step write_bitstream -jobs 4
[Sun Apr  5 12:56:29 2020] Launched synth_1...
Run output will be captured here: D:/STUDIA/IV_semestr/Uklady_elektroniki_cyfrowej_II/Projekt_binary_land/binary_land/binary_land.runs/synth_1/runme.log
[Sun Apr  5 12:56:29 2020] Launched impl_1...
Run output will be captured here: D:/STUDIA/IV_semestr/Uklady_elektroniki_cyfrowej_II/Projekt_binary_land/binary_land/binary_land.runs/impl_1/runme.log
set_property PROBES.FILE {} [get_hw_devices xc7a35t_0]
set_property FULL_PROBES.FILE {} [get_hw_devices xc7a35t_0]
set_property PROGRAM.FILE {D:/STUDIA/IV_semestr/Uklady_elektroniki_cyfrowej_II/Projekt_binary_land/binary_land/binary_land.runs/impl_1/main.bit} [get_hw_devices xc7a35t_0]
program_hw_devices [get_hw_devices xc7a35t_0]
INFO: [Labtools 27-3164] End of startup status: HIGH
refresh_hw_device [lindex [get_hw_devices xc7a35t_0] 0]
INFO: [Labtools 27-1434] Device xc7a35t (JTAG device index = 0) is programmed with a design that has no supported debug core(s) in it.
WARNING: [Labtools 27-3361] The debug hub core was not detected.
Resolution: 
1. Make sure the clock connected to the debug hub (dbg_hub) core is a free running clock and is active.
2. Make sure the BSCAN_SWITCH_USER_MASK device property in Vivado Hardware Manager reflects the user scan chain setting in the design and refresh the device.  To determine the user scan chain setting in the design, open the implemented design and use 'get_property C_USER_SCAN_CHAIN [get_debug_cores dbg_hub]'.
For more details on setting the scan chain property, consult the Vivado Debug and Programming User Guide (UG908).
reset_run synth_1
launch_runs impl_1 -to_step write_bitstream -jobs 4
[Sun Apr  5 13:03:09 2020] Launched synth_1...
Run output will be captured here: D:/STUDIA/IV_semestr/Uklady_elektroniki_cyfrowej_II/Projekt_binary_land/binary_land/binary_land.runs/synth_1/runme.log
[Sun Apr  5 13:03:09 2020] Launched impl_1...
Run output will be captured here: D:/STUDIA/IV_semestr/Uklady_elektroniki_cyfrowej_II/Projekt_binary_land/binary_land/binary_land.runs/impl_1/runme.log
set_property PROBES.FILE {} [get_hw_devices xc7a35t_0]
set_property FULL_PROBES.FILE {} [get_hw_devices xc7a35t_0]
set_property PROGRAM.FILE {D:/STUDIA/IV_semestr/Uklady_elektroniki_cyfrowej_II/Projekt_binary_land/binary_land/binary_land.runs/impl_1/main.bit} [get_hw_devices xc7a35t_0]
program_hw_devices [get_hw_devices xc7a35t_0]
INFO: [Labtools 27-3164] End of startup status: HIGH
refresh_hw_device [lindex [get_hw_devices xc7a35t_0] 0]
INFO: [Labtools 27-1434] Device xc7a35t (JTAG device index = 0) is programmed with a design that has no supported debug core(s) in it.
WARNING: [Labtools 27-3361] The debug hub core was not detected.
Resolution: 
1. Make sure the clock connected to the debug hub (dbg_hub) core is a free running clock and is active.
2. Make sure the BSCAN_SWITCH_USER_MASK device property in Vivado Hardware Manager reflects the user scan chain setting in the design and refresh the device.  To determine the user scan chain setting in the design, open the implemented design and use 'get_property C_USER_SCAN_CHAIN [get_debug_cores dbg_hub]'.
For more details on setting the scan chain property, consult the Vivado Debug and Programming User Guide (UG908).
reset_run synth_1
launch_runs impl_1 -to_step write_bitstream -jobs 4
[Sun Apr  5 13:09:19 2020] Launched synth_1...
Run output will be captured here: D:/STUDIA/IV_semestr/Uklady_elektroniki_cyfrowej_II/Projekt_binary_land/binary_land/binary_land.runs/synth_1/runme.log
[Sun Apr  5 13:09:19 2020] Launched impl_1...
Run output will be captured here: D:/STUDIA/IV_semestr/Uklady_elektroniki_cyfrowej_II/Projekt_binary_land/binary_land/binary_land.runs/impl_1/runme.log
set_property PROBES.FILE {} [get_hw_devices xc7a35t_0]
set_property FULL_PROBES.FILE {} [get_hw_devices xc7a35t_0]
set_property PROGRAM.FILE {D:/STUDIA/IV_semestr/Uklady_elektroniki_cyfrowej_II/Projekt_binary_land/binary_land/binary_land.runs/impl_1/main.bit} [get_hw_devices xc7a35t_0]
program_hw_devices [get_hw_devices xc7a35t_0]
INFO: [Labtools 27-3164] End of startup status: HIGH
refresh_hw_device [lindex [get_hw_devices xc7a35t_0] 0]
INFO: [Labtools 27-1434] Device xc7a35t (JTAG device index = 0) is programmed with a design that has no supported debug core(s) in it.
WARNING: [Labtools 27-3361] The debug hub core was not detected.
Resolution: 
1. Make sure the clock connected to the debug hub (dbg_hub) core is a free running clock and is active.
2. Make sure the BSCAN_SWITCH_USER_MASK device property in Vivado Hardware Manager reflects the user scan chain setting in the design and refresh the device.  To determine the user scan chain setting in the design, open the implemented design and use 'get_property C_USER_SCAN_CHAIN [get_debug_cores dbg_hub]'.
For more details on setting the scan chain property, consult the Vivado Debug and Programming User Guide (UG908).
reset_run synth_1
launch_runs impl_1 -to_step write_bitstream -jobs 4
[Sun Apr  5 13:14:47 2020] Launched synth_1...
Run output will be captured here: D:/STUDIA/IV_semestr/Uklady_elektroniki_cyfrowej_II/Projekt_binary_land/binary_land/binary_land.runs/synth_1/runme.log
[Sun Apr  5 13:14:47 2020] Launched impl_1...
Run output will be captured here: D:/STUDIA/IV_semestr/Uklady_elektroniki_cyfrowej_II/Projekt_binary_land/binary_land/binary_land.runs/impl_1/runme.log
set_property PROBES.FILE {} [get_hw_devices xc7a35t_0]
set_property FULL_PROBES.FILE {} [get_hw_devices xc7a35t_0]
set_property PROGRAM.FILE {D:/STUDIA/IV_semestr/Uklady_elektroniki_cyfrowej_II/Projekt_binary_land/binary_land/binary_land.runs/impl_1/main.bit} [get_hw_devices xc7a35t_0]
program_hw_devices [get_hw_devices xc7a35t_0]
INFO: [Labtools 27-3164] End of startup status: HIGH
refresh_hw_device [lindex [get_hw_devices xc7a35t_0] 0]
INFO: [Labtools 27-1434] Device xc7a35t (JTAG device index = 0) is programmed with a design that has no supported debug core(s) in it.
WARNING: [Labtools 27-3361] The debug hub core was not detected.
Resolution: 
1. Make sure the clock connected to the debug hub (dbg_hub) core is a free running clock and is active.
2. Make sure the BSCAN_SWITCH_USER_MASK device property in Vivado Hardware Manager reflects the user scan chain setting in the design and refresh the device.  To determine the user scan chain setting in the design, open the implemented design and use 'get_property C_USER_SCAN_CHAIN [get_debug_cores dbg_hub]'.
For more details on setting the scan chain property, consult the Vivado Debug and Programming User Guide (UG908).
ERROR: [Labtoolstcl 44-513] HW Target shutdown. Closing target: localhost:3121/xilinx_tcf/Digilent/210183711510A
exit
INFO: [Common 17-206] Exiting Vivado at Sun Apr  5 14:48:54 2020...
